#
# There is insufficient memory for the Java Runtime Environment to continue.
# Native memory allocation (malloc) failed to allocate 2260016 bytes for Chunk::new
# Possible reasons:
#   The system is out of physical RAM or swap space
#   The process is running with CompressedOops enabled, and the Java Heap may be blocking the growth of the native heap
# Possible solutions:
#   Reduce memory load on the system
#   Increase physical memory or swap space
#   Check if swap backing store is full
#   Decrease Java heap size (-Xmx/-Xms)
#   Decrease number of Java threads
#   Decrease Java thread stack sizes (-Xss)
#   Set larger code cache with -XX:ReservedCodeCacheSize=
#   JVM is running with Unscaled Compressed Oops mode in which the Java heap is
#     placed in the first 4GB address space. The Java Heap base address is the
#     maximum limit for the native heap growth. Please use -XX:HeapBaseMinAddress
#     to set the Java Heap base and to place the Java Heap above 4GB virtual address.
# This output file may be truncated or incomplete.
#
#  Out of Memory Error (allocation.cpp:389), pid=27696, tid=0x0000000000003f88
#
# JRE version: Java(TM) SE Runtime Environment (8.0_211-b12) (build 1.8.0_211-b12)
# Java VM: Java HotSpot(TM) 64-Bit Server VM (25.211-b12 mixed mode windows-amd64 compressed oops)
# Failed to write core dump. Minidumps are not enabled by default on client versions of Windows
#

---------------  T H R E A D  ---------------

Current thread (0x000000001c2a7000):  JavaThread "C2 CompilerThread0" daemon [_thread_in_native, id=16264, stack(0x000000001cb60000,0x000000001cc60000)]

Stack: [0x000000001cb60000,0x000000001cc60000]
[error occurred during error reporting (printing stack bounds), id 0xc0000005]

Native frames: (J=compiled Java code, j=interpreted, Vv=VM code, C=native code)


Current CompileTask:
C2:   8770 4138   !   4       java.security.SecureClassLoader::getProtectionDomain (114 bytes)


---------------  P R O C E S S  ---------------

Java Threads: ( => current thread )
  0x0000000022bd8000 JavaThread "jar transforms Thread 92" [_thread_blocked, id=26872, stack(0x000000002d7a0000,0x000000002d8a0000)]
  0x0000000022bdc800 JavaThread "jar transforms Thread 91" [_thread_blocked, id=24756, stack(0x000000002d6a0000,0x000000002d7a0000)]
  0x0000000022bd9000 JavaThread "jar transforms Thread 90" [_thread_blocked, id=10156, stack(0x000000002d5a0000,0x000000002d6a0000)]
  0x0000000022bda800 JavaThread "jar transforms Thread 89" [_thread_blocked, id=24256, stack(0x000000002d4a0000,0x000000002d5a0000)]
  0x0000000022bd9800 JavaThread "jar transforms Thread 88" [_thread_blocked, id=23600, stack(0x000000002d3a0000,0x000000002d4a0000)]
  0x0000000022bdb000 JavaThread "jar transforms Thread 87" [_thread_blocked, id=8880, stack(0x000000002d2a0000,0x000000002d3a0000)]
  0x0000000022bdc000 JavaThread "jar transforms Thread 86" [_thread_blocked, id=22312, stack(0x000000002d1a0000,0x000000002d2a0000)]
  0x0000000022bd1800 JavaThread "jar transforms Thread 85" [_thread_blocked, id=19208, stack(0x000000002d0a0000,0x000000002d1a0000)]
  0x0000000022bd7800 JavaThread "jar transforms Thread 84" [_thread_blocked, id=3792, stack(0x000000002cfa0000,0x000000002d0a0000)]
  0x0000000022bd6800 JavaThread "jar transforms Thread 83" [_thread_blocked, id=10152, stack(0x000000002cea0000,0x000000002cfa0000)]
  0x0000000022bd6000 JavaThread "jar transforms Thread 82" [_thread_blocked, id=12184, stack(0x000000002cda0000,0x000000002cea0000)]
  0x0000000022bd0800 JavaThread "jar transforms Thread 81" [_thread_blocked, id=27724, stack(0x000000002cca0000,0x000000002cda0000)]
  0x0000000022bd3800 JavaThread "jar transforms Thread 80" [_thread_blocked, id=19340, stack(0x000000002cba0000,0x000000002cca0000)]
  0x0000000022bd0000 JavaThread "jar transforms Thread 79" [_thread_blocked, id=23716, stack(0x000000002caa0000,0x000000002cba0000)]
  0x0000000022bcf000 JavaThread "jar transforms Thread 78" [_thread_blocked, id=9732, stack(0x000000002c9a0000,0x000000002caa0000)]
  0x0000000022bd3000 JavaThread "jar transforms Thread 77" [_thread_blocked, id=12612, stack(0x000000002c8a0000,0x000000002c9a0000)]
  0x0000000022bd4800 JavaThread "jar transforms Thread 76" [_thread_blocked, id=28720, stack(0x000000002c7a0000,0x000000002c8a0000)]
  0x0000000022bce800 JavaThread "jar transforms Thread 75" [_thread_blocked, id=13052, stack(0x000000002c6a0000,0x000000002c7a0000)]
  0x0000000022bd2000 JavaThread "jar transforms Thread 74" [_thread_blocked, id=16368, stack(0x000000002c5a0000,0x000000002c6a0000)]
  0x0000000022bd5000 JavaThread "jar transforms Thread 73" [_thread_blocked, id=27448, stack(0x000000002c4a0000,0x000000002c5a0000)]
  0x0000000022787000 JavaThread "jar transforms Thread 72" [_thread_blocked, id=12712, stack(0x000000002c3a0000,0x000000002c4a0000)]
  0x0000000022785800 JavaThread "jar transforms Thread 71" [_thread_blocked, id=25872, stack(0x000000002c2a0000,0x000000002c3a0000)]
  0x000000002278b800 JavaThread "jar transforms Thread 70" [_thread_blocked, id=13132, stack(0x000000002c1a0000,0x000000002c2a0000)]
  0x000000002278b000 JavaThread "jar transforms Thread 69" [_thread_blocked, id=7020, stack(0x000000002c0a0000,0x000000002c1a0000)]
  0x0000000022788000 JavaThread "jar transforms Thread 68" [_thread_blocked, id=28012, stack(0x000000002bfa0000,0x000000002c0a0000)]
  0x0000000022786800 JavaThread "jar transforms Thread 67" [_thread_blocked, id=28496, stack(0x000000002bea0000,0x000000002bfa0000)]
  0x0000000022789800 JavaThread "jar transforms Thread 66" [_thread_blocked, id=20044, stack(0x000000002bda0000,0x000000002bea0000)]
  0x0000000022788800 JavaThread "jar transforms Thread 65" [_thread_blocked, id=26060, stack(0x000000002bca0000,0x000000002bda0000)]
  0x000000002278a000 JavaThread "jar transforms Thread 64" [_thread_blocked, id=23632, stack(0x000000002bba0000,0x000000002bca0000)]
  0x000000002277e000 JavaThread "jar transforms Thread 63" [_thread_blocked, id=8888, stack(0x000000002baa0000,0x000000002bba0000)]
  0x0000000022785000 JavaThread "jar transforms Thread 62" [_thread_blocked, id=23528, stack(0x000000002b9a0000,0x000000002baa0000)]
  0x000000002277d800 JavaThread "jar transforms Thread 61" [_thread_blocked, id=716, stack(0x000000002b8a0000,0x000000002b9a0000)]
  0x0000000022784000 JavaThread "jar transforms Thread 60" [_thread_blocked, id=20844, stack(0x000000002b7a0000,0x000000002b8a0000)]
  0x000000002277c800 JavaThread "jar transforms Thread 59" [_thread_blocked, id=12108, stack(0x000000002b6a0000,0x000000002b7a0000)]
  0x000000002277f000 JavaThread "jar transforms Thread 58" [_thread_blocked, id=14312, stack(0x000000002b5a0000,0x000000002b6a0000)]
  0x0000000022782800 JavaThread "jar transforms Thread 57" [_thread_blocked, id=12680, stack(0x000000002b4a0000,0x000000002b5a0000)]
  0x0000000022783800 JavaThread "jar transforms Thread 56" [_thread_blocked, id=30420, stack(0x000000002b3a0000,0x000000002b4a0000)]
  0x000000002277f800 JavaThread "jar transforms Thread 55" [_thread_blocked, id=2160, stack(0x000000002b2a0000,0x000000002b3a0000)]
  0x0000000022782000 JavaThread "jar transforms Thread 54" [_thread_blocked, id=15216, stack(0x000000002b1a0000,0x000000002b2a0000)]
  0x0000000022781000 JavaThread "jar transforms Thread 53" [_thread_blocked, id=24460, stack(0x000000002b0a0000,0x000000002b1a0000)]
  0x0000000022780800 JavaThread "jar transforms Thread 52" [_thread_blocked, id=11656, stack(0x000000002afa0000,0x000000002b0a0000)]
  0x000000001f2b2800 JavaThread "jar transforms Thread 51" [_thread_blocked, id=23020, stack(0x000000002aea0000,0x000000002afa0000)]
  0x000000001f2b1800 JavaThread "jar transforms Thread 50" [_thread_blocked, id=28484, stack(0x000000002ada0000,0x000000002aea0000)]
  0x000000001f2af800 JavaThread "jar transforms Thread 49" [_thread_blocked, id=14568, stack(0x000000002aca0000,0x000000002ada0000)]
  0x000000001f2ad000 JavaThread "jar transforms Thread 48" [_thread_blocked, id=7872, stack(0x000000002aba0000,0x000000002aca0000)]
  0x000000001f2ae800 JavaThread "jar transforms Thread 47" [_thread_blocked, id=24392, stack(0x000000002aaa0000,0x000000002aba0000)]
  0x000000001f2b0000 JavaThread "jar transforms Thread 46" [_thread_blocked, id=15372, stack(0x000000002a9a0000,0x000000002aaa0000)]
  0x000000001f2ac800 JavaThread "jar transforms Thread 45" [_thread_blocked, id=17424, stack(0x000000002a8a0000,0x000000002a9a0000)]
  0x000000001f2b1000 JavaThread "jar transforms Thread 44" [_thread_blocked, id=11284, stack(0x000000002a7a0000,0x000000002a8a0000)]
  0x000000001f2a9800 JavaThread "jar transforms Thread 43" [_thread_blocked, id=27356, stack(0x000000002a6a0000,0x000000002a7a0000)]
  0x000000001f2ae000 JavaThread "jar transforms Thread 42" [_thread_blocked, id=24516, stack(0x000000002a5a0000,0x000000002a6a0000)]
  0x000000001f2a5000 JavaThread "jar transforms Thread 41" [_thread_blocked, id=12116, stack(0x000000002a4a0000,0x000000002a5a0000)]
  0x000000001f2a8800 JavaThread "jar transforms Thread 40" [_thread_blocked, id=3708, stack(0x000000002a3a0000,0x000000002a4a0000)]
  0x000000001f2ab800 JavaThread "jar transforms Thread 39" [_thread_blocked, id=22660, stack(0x000000002a2a0000,0x000000002a3a0000)]
  0x000000001f2a4000 JavaThread "jar transforms Thread 38" [_thread_blocked, id=15668, stack(0x000000002a1a0000,0x000000002a2a0000)]
  0x000000001f2ab000 JavaThread "jar transforms Thread 37" [_thread_blocked, id=24568, stack(0x000000002a0a0000,0x000000002a1a0000)]
  0x000000001f2a8000 JavaThread "jar transforms Thread 36" [_thread_blocked, id=25584, stack(0x0000000029fa0000,0x000000002a0a0000)]
  0x000000001f2a3800 JavaThread "jar transforms Thread 35" [_thread_blocked, id=8280, stack(0x0000000029ea0000,0x0000000029fa0000)]
  0x000000001f2a7000 JavaThread "jar transforms Thread 34" [_thread_blocked, id=27052, stack(0x0000000029da0000,0x0000000029ea0000)]
  0x000000001f2a5800 JavaThread "jar transforms Thread 33" [_thread_blocked, id=20368, stack(0x0000000029ca0000,0x0000000029da0000)]
  0x000000001f2aa000 JavaThread "jar transforms Thread 32" [_thread_blocked, id=10684, stack(0x0000000029ba0000,0x0000000029ca0000)]
  0x000000001f2a6800 JavaThread "jar transforms Thread 31" [_thread_blocked, id=20572, stack(0x0000000029aa0000,0x0000000029ba0000)]
  0x000000001e64c000 JavaThread "jar transforms Thread 30" [_thread_blocked, id=4948, stack(0x00000000299a0000,0x0000000029aa0000)]
  0x000000001e64b800 JavaThread "jar transforms Thread 29" [_thread_blocked, id=13724, stack(0x00000000298a0000,0x00000000299a0000)]
  0x000000001e64a000 JavaThread "jar transforms Thread 28" [_thread_blocked, id=25968, stack(0x00000000297a0000,0x00000000298a0000)]
  0x000000001e649000 JavaThread "jar transforms Thread 27" [_thread_blocked, id=1876, stack(0x00000000296a0000,0x00000000297a0000)]
  0x000000001e648800 JavaThread "jar transforms Thread 26" [_thread_blocked, id=29824, stack(0x00000000295a0000,0x00000000296a0000)]
  0x000000001e64d000 JavaThread "jar transforms Thread 25" [_thread_blocked, id=10776, stack(0x00000000294a0000,0x00000000295a0000)]
  0x000000001e64a800 JavaThread "jar transforms Thread 24" [_thread_blocked, id=3060, stack(0x00000000293a0000,0x00000000294a0000)]
  0x000000001e641000 JavaThread "jar transforms Thread 23" [_thread_blocked, id=19184, stack(0x00000000292a0000,0x00000000293a0000)]
  0x000000001e647800 JavaThread "jar transforms Thread 22" [_thread_blocked, id=17460, stack(0x00000000291a0000,0x00000000292a0000)]
  0x000000001e647000 JavaThread "jar transforms Thread 21" [_thread_blocked, id=18264, stack(0x00000000290a0000,0x00000000291a0000)]
  0x000000001e63f800 JavaThread "Build operations Thread 8" [_thread_blocked, id=25304, stack(0x0000000028fa0000,0x00000000290a0000)]
  0x000000001e646000 JavaThread "Build operations Thread 7" [_thread_blocked, id=19888, stack(0x0000000028ea0000,0x0000000028fa0000)]
  0x000000001e640000 JavaThread "Build operations Thread 6" [_thread_blocked, id=14968, stack(0x0000000028da0000,0x0000000028ea0000)]
  0x000000001e63e800 JavaThread "Build operations Thread 5" [_thread_blocked, id=20300, stack(0x0000000028ca0000,0x0000000028da0000)]
  0x000000001e645800 JavaThread "Build operations Thread 4" [_thread_blocked, id=4712, stack(0x0000000028ba0000,0x0000000028ca0000)]
  0x000000001e63e000 JavaThread "Build operations Thread 3" [_thread_blocked, id=22560, stack(0x0000000028aa0000,0x0000000028ba0000)]
  0x000000001e643000 JavaThread "Build operations Thread 2" [_thread_blocked, id=15408, stack(0x00000000289a0000,0x0000000028aa0000)]
  0x000000001e641800 JavaThread "Build operations" [_thread_blocked, id=21960, stack(0x00000000288a0000,0x00000000289a0000)]
  0x000000001e642800 JavaThread "Cache worker for Build Output Cleanup Cache (D:\Google Drive\Brain\Edit_Java\MobileAssistant\MobileAssistant\.gradle\buildOutputCleanup)" [_thread_blocked, id=26276, stack(0x00000000285a0000,0x00000000286a0000)]
  0x000000001d2d6800 JavaThread "Cache worker for file content cache (C:\Users\kordiakim\.gradle\caches\6.5\fileContent)" [_thread_blocked, id=16252, stack(0x00000000272d0000,0x00000000273d0000)]
  0x000000001d2d2000 JavaThread "Cache worker for execution history cache (C:\Users\kordiakim\.gradle\caches\6.5\executionHistory)" [_thread_blocked, id=22912, stack(0x00000000271d0000,0x00000000272d0000)]
  0x000000001d2d1800 JavaThread "Cache worker for cache directory md-rule (C:\Users\kordiakim\.gradle\caches\6.5\md-rule)" [_thread_blocked, id=18340, stack(0x00000000270d0000,0x00000000271d0000)]
  0x000000001d2d6000 JavaThread "Cache worker for cache directory md-supplier (C:\Users\kordiakim\.gradle\caches\6.5\md-supplier)" [_thread_blocked, id=17284, stack(0x0000000026fd0000,0x00000000270d0000)]
  0x000000001d2d3800 JavaThread "Cache worker for checksums cache (D:\Google Drive\Brain\Edit_Java\MobileAssistant\MobileAssistant\.gradle\checksums)" [_thread_blocked, id=19108, stack(0x0000000026ed0000,0x0000000026fd0000)]
  0x000000001d2d3000 JavaThread "jar transforms Thread 20" [_thread_blocked, id=6808, stack(0x0000000026dd0000,0x0000000026ed0000)]
  0x000000001d2d7800 JavaThread "jar transforms Thread 19" [_thread_blocked, id=22708, stack(0x0000000026cd0000,0x0000000026dd0000)]
  0x000000001d2d0000 JavaThread "jar transforms Thread 18" [_thread_blocked, id=19652, stack(0x0000000026bd0000,0x0000000026cd0000)]
  0x000000001d2d4800 JavaThread "jar transforms Thread 17" [_thread_blocked, id=21244, stack(0x0000000026ad0000,0x0000000026bd0000)]
  0x000000001d2c8000 JavaThread "jar transforms Thread 16" [_thread_blocked, id=29200, stack(0x00000000269d0000,0x0000000026ad0000)]
  0x000000001d2cc800 JavaThread "jar transforms Thread 15" [_thread_blocked, id=14676, stack(0x00000000268d0000,0x00000000269d0000)]
  0x000000001d2ce800 JavaThread "jar transforms Thread 14" [_thread_blocked, id=26116, stack(0x00000000267d0000,0x00000000268d0000)]
  0x000000001d2ca800 JavaThread "jar transforms Thread 13" [_thread_blocked, id=14124, stack(0x00000000266d0000,0x00000000267d0000)]
  0x000000001d2c9800 JavaThread "jar transforms Thread 12" [_thread_blocked, id=20748, stack(0x00000000265d0000,0x00000000266d0000)]
  0x000000001d2cd800 JavaThread "jar transforms Thread 11" [_thread_blocked, id=4288, stack(0x00000000264d0000,0x00000000265d0000)]
  0x000000001d2cc000 JavaThread "jar transforms Thread 10" [_thread_blocked, id=17636, stack(0x00000000263d0000,0x00000000264d0000)]
  0x000000001d2cf000 JavaThread "jar transforms Thread 9" [_thread_blocked, id=6588, stack(0x00000000262d0000,0x00000000263d0000)]
  0x000000001d2c9000 JavaThread "jar transforms Thread 8" [_thread_blocked, id=18564, stack(0x00000000261d0000,0x00000000262d0000)]
  0x000000001d2cb000 JavaThread "jar transforms Thread 7" [_thread_blocked, id=8808, stack(0x00000000260d0000,0x00000000261d0000)]
  0x000000001ef22800 JavaThread "jar transforms Thread 6" [_thread_blocked, id=28052, stack(0x0000000025fd0000,0x00000000260d0000)]
  0x000000001ef21800 JavaThread "jar transforms Thread 5" [_thread_blocked, id=20232, stack(0x0000000025ed0000,0x0000000025fd0000)]
  0x000000001ef27000 JavaThread "jar transforms Thread 4" [_thread_blocked, id=10088, stack(0x0000000025dd0000,0x0000000025ed0000)]
  0x000000001ef21000 JavaThread "jar transforms Thread 3" [_thread_blocked, id=3068, stack(0x00000000254d0000,0x00000000255d0000)]
  0x000000001ef26000 JavaThread "jar transforms Thread 2" [_thread_blocked, id=23828, stack(0x0000000024d50000,0x0000000024e50000)]
  0x000000001ef25800 JavaThread "jar transforms" [_thread_blocked, id=352, stack(0x00000000239d0000,0x0000000023ad0000)]
  0x000000001ef27800 JavaThread "Cache worker for file hash cache (D:\Google Drive\Brain\Edit_Java\MobileAssistant\MobileAssistant\.gradle\6.5\fileHashes)" [_thread_blocked, id=7860, stack(0x00000000236d0000,0x00000000237d0000)]
  0x000000001ef24800 JavaThread "Cache worker for file hash cache (C:\Users\kordiakim\.gradle\caches\6.5\fileHashes)" [_thread_blocked, id=11548, stack(0x0000000021180000,0x0000000021280000)]
  0x000000001ef24000 JavaThread "File lock request listener" [_thread_in_native, id=15944, stack(0x0000000021080000,0x0000000021180000)]
  0x000000001ef23000 JavaThread "Cache worker for journal cache (C:\Users\kordiakim\.gradle\caches\journal-1)" [_thread_blocked, id=23620, stack(0x0000000020f80000,0x0000000021080000)]
  0x000000001ee22000 JavaThread "Thread-9" [_thread_blocked, id=23392, stack(0x0000000020c80000,0x0000000020d80000)]
  0x000000001eee2000 JavaThread "Stdin handler" [_thread_blocked, id=10880, stack(0x0000000020b80000,0x0000000020c80000)]
  0x000000001edd3800 JavaThread "Asynchronous log dispatcher for DefaultDaemonConnection: socket connection from /127.0.0.1:12127 to /127.0.0.1:12128" [_thread_blocked, id=24852, stack(0x0000000020a80000,0x0000000020b80000)]
  0x000000001edde000 JavaThread "Daemon worker" [_thread_in_vm, id=19876, stack(0x0000000020980000,0x0000000020a80000)]
  0x000000001eee5000 JavaThread "Cancel handler" [_thread_blocked, id=24644, stack(0x0000000020780000,0x0000000020880000)]
  0x000000001eda6800 JavaThread "Handler for socket connection from /127.0.0.1:12127 to /127.0.0.1:12128" [_thread_in_native, id=18596, stack(0x0000000020680000,0x0000000020780000)]
  0x000000001eda4000 JavaThread "Daemon" [_thread_blocked, id=3884, stack(0x0000000020380000,0x0000000020480000)]
  0x000000001ed51000 JavaThread "Daemon periodic checks" [_thread_blocked, id=12004, stack(0x0000000020280000,0x0000000020380000)]
  0x000000001ed50000 JavaThread "Incoming local TCP Connector on port 12127" [_thread_in_native, id=29892, stack(0x0000000020040000,0x0000000020140000)]
  0x000000001e955800 JavaThread "Daemon health stats" [_thread_blocked, id=25576, stack(0x000000001f900000,0x000000001fa00000)]
  0x000000001c33a800 JavaThread "Service Thread" daemon [_thread_blocked, id=940, stack(0x000000001cf60000,0x000000001d060000)]
  0x000000001c2b3800 JavaThread "C1 CompilerThread3" daemon [_thread_blocked, id=25520, stack(0x000000001ce60000,0x000000001cf60000)]
  0x000000001c2ad800 JavaThread "C2 CompilerThread2" daemon [_thread_in_native, id=18148, stack(0x000000001cd60000,0x000000001ce60000)]
  0x000000001c2a9800 JavaThread "C2 CompilerThread1" daemon [_thread_blocked, id=25904, stack(0x000000001cc60000,0x000000001cd60000)]
=>0x000000001c2a7000 JavaThread "C2 CompilerThread0" daemon [_thread_in_native, id=16264, stack(0x000000001cb60000,0x000000001cc60000)]
  0x000000001c2a3800 JavaThread "Attach Listener" daemon [_thread_blocked, id=8968, stack(0x000000001ca60000,0x000000001cb60000)]
  0x000000001c2a0800 JavaThread "Signal Dispatcher" daemon [_thread_blocked, id=25612, stack(0x000000001c960000,0x000000001ca60000)]
  0x000000000542d800 JavaThread "Finalizer" daemon [_thread_blocked, id=24804, stack(0x000000001c770000,0x000000001c870000)]
  0x000000001c290800 JavaThread "Reference Handler" daemon [_thread_blocked, id=11936, stack(0x000000001c670000,0x000000001c770000)]
  0x0000000005332800 JavaThread "main" [_thread_blocked, id=26224, stack(0x00000000051c0000,0x00000000052c0000)]

Other Threads:
  0x000000001a498000 VMThread [stack: 0x000000001c170000,0x000000001c270000] [id=21556]
  0x000000001c354800 WatcherThread [stack: 0x000000001d060000,0x000000001d160000] [id=18796]

VM state:not at safepoint (normal execution)

VM Mutex/Monitor currently owned by a thread: None

heap address: 0x0000000080000000, size: 2048 MB, Compressed Oops mode: 32-bit
Narrow klass base: 0x0000000000000000, Narrow klass shift: 3
Compressed class space size: 1073741824 Address: 0x0000000100000000

Heap:
 PSYoungGen      total 266240K, used 81082K [0x00000000d5580000, 0x00000000ebd80000, 0x0000000100000000)
  eden space 250368K, 27% used [0x00000000d5580000,0x00000000d99eaf00,0x00000000e4a00000)
  from space 15872K, 69% used [0x00000000e4a00000,0x00000000e54c3970,0x00000000e5980000)
  to   space 15360K, 0% used [0x00000000eae80000,0x00000000eae80000,0x00000000ebd80000)
 ParOldGen       total 337408K, used 13033K [0x0000000080000000, 0x0000000094980000, 0x00000000d5580000)
  object space 337408K, 3% used [0x0000000080000000,0x0000000080cba6c0,0x0000000094980000)
 Metaspace       used 42227K, capacity 44246K, committed 44416K, reserved 1087488K
  class space    used 5809K, capacity 6184K, committed 6272K, reserved 1048576K

Card table byte_map: [0x00000000147f0000,0x0000000014c00000] byte_map_base: 0x00000000143f0000

Marking Bits: (ParMarkBitMap*) 0x000000006f145ce0
 Begin Bits: [0x00000000156b0000, 0x00000000176b0000)
 End Bits:   [0x00000000176b0000, 0x00000000196b0000)

Polling page: 0x0000000003940000

CodeCache: size=245760Kb used=14930Kb max_used=15585Kb free=230829Kb
 bounds [0x0000000005430000, 0x0000000006380000, 0x0000000014430000]
 total_blobs=4967 nmethods=4228 adapters=649
 compilation: enabled

Compilation events (10 events):
Event: 8.763 Thread 0x000000001c2b3800 nmethod 4788 0x00000000056b3990 code [0x00000000056b3b20, 0x00000000056b3f48]
Event: 8.763 Thread 0x000000001c2b3800 4789       3       org.gradle.internal.snapshot.AbstractIncompleteSnapshotWithChildren$2::<init> (32 bytes)
Event: 8.763 Thread 0x000000001c2b3800 nmethod 4789 0x0000000005c4a090 code [0x0000000005c4a1e0, 0x0000000005c4a3f0]
Event: 8.763 Thread 0x000000001c2b3800 4790       3       org.gradle.internal.snapshot.SnapshotUtil::handleChildren (39 bytes)
Event: 8.763 Thread 0x000000001c2b3800 nmethod 4790 0x0000000005c49210 code [0x0000000005c49400, 0x0000000005c49b88]
Event: 8.763 Thread 0x000000001c2b3800 4791       3       org.gradle.internal.snapshot.SnapshotUtil$$Lambda$67/1418542116::get$Lambda (10 bytes)
Event: 8.763 Thread 0x000000001c2b3800 nmethod 4791 0x0000000005c48d10 code [0x0000000005c48e80, 0x0000000005c490f0]
Event: 8.763 Thread 0x000000001c2b3800 4792       3       org.gradle.internal.snapshot.SnapshotUtil$$Lambda$67/1418542116::<init> (15 bytes)
Event: 8.764 Thread 0x000000001c2b3800 nmethod 4792 0x0000000005e6b550 code [0x0000000005e6b6a0, 0x0000000005e6b870]
Event: 8.764 Thread 0x000000001c2b3800 4793       3       org.gradle.internal.dispatch.ProxyDispatchAdapter$DispatchingInvocationHandler::invoke (184 bytes)

GC Heap History (10 events):
Event: 4.511 GC heap before
{Heap before GC invocations=5 (full 1):
 PSYoungGen      total 152576K, used 144160K [0x00000000d5580000, 0x00000000e3280000, 0x0000000100000000)
  eden space 131072K, 100% used [0x00000000d5580000,0x00000000dd580000,0x00000000dd580000)
  from space 21504K, 60% used [0x00000000dd580000,0x00000000de248148,0x00000000dea80000)
  to   space 21504K, 0% used [0x00000000e1d80000,0x00000000e1d80000,0x00000000e3280000)
 ParOldGen       total 218624K, used 12803K [0x0000000080000000, 0x000000008d580000, 0x00000000d5580000)
  object space 218624K, 5% used [0x0000000080000000,0x0000000080c80cf8,0x000000008d580000)
 Metaspace       used 33377K, capacity 34574K, committed 34688K, reserved 1079296K
  class space    used 4624K, capacity 4944K, committed 4992K, reserved 1048576K
Event: 4.517 GC heap after
Heap after GC invocations=5 (full 1):
 PSYoungGen      total 202752K, used 9785K [0x00000000d5580000, 0x00000000e3180000, 0x0000000100000000)
  eden space 182272K, 0% used [0x00000000d5580000,0x00000000d5580000,0x00000000e0780000)
  from space 20480K, 47% used [0x00000000e1d80000,0x00000000e270e458,0x00000000e3180000)
  to   space 21504K, 0% used [0x00000000e0780000,0x00000000e0780000,0x00000000e1c80000)
 ParOldGen       total 218624K, used 12811K [0x0000000080000000, 0x000000008d580000, 0x00000000d5580000)
  object space 218624K, 5% used [0x0000000080000000,0x0000000080c82cf8,0x000000008d580000)
 Metaspace       used 33377K, capacity 34574K, committed 34688K, reserved 1079296K
  class space    used 4624K, capacity 4944K, committed 4992K, reserved 1048576K
}
Event: 4.888 GC heap before
{Heap before GC invocations=6 (full 1):
 PSYoungGen      total 202752K, used 137654K [0x00000000d5580000, 0x00000000e3180000, 0x0000000100000000)
  eden space 182272K, 70% used [0x00000000d5580000,0x00000000dd25f3d8,0x00000000e0780000)
  from space 20480K, 47% used [0x00000000e1d80000,0x00000000e270e458,0x00000000e3180000)
  to   space 21504K, 0% used [0x00000000e0780000,0x00000000e0780000,0x00000000e1c80000)
 ParOldGen       total 218624K, used 12811K [0x0000000080000000, 0x000000008d580000, 0x00000000d5580000)
  object space 218624K, 5% used [0x0000000080000000,0x0000000080c82cf8,0x000000008d580000)
 Metaspace       used 34225K, capacity 35374K, committed 35496K, reserved 1079296K
  class space    used 4739K, capacity 5040K, committed 5120K, reserved 1048576K
Event: 4.893 GC heap after
Heap after GC invocations=6 (full 1):
 PSYoungGen      total 203776K, used 6474K [0x00000000d5580000, 0x00000000e7000000, 0x0000000100000000)
  eden space 182272K, 0% used [0x00000000d5580000,0x00000000d5580000,0x00000000e0780000)
  from space 21504K, 30% used [0x00000000e0780000,0x00000000e0dd2900,0x00000000e1c80000)
  to   space 15872K, 0% used [0x00000000e6080000,0x00000000e6080000,0x00000000e7000000)
 ParOldGen       total 218624K, used 12819K [0x0000000080000000, 0x000000008d580000, 0x00000000d5580000)
  object space 218624K, 5% used [0x0000000080000000,0x0000000080c84cf8,0x000000008d580000)
 Metaspace       used 34225K, capacity 35374K, committed 35496K, reserved 1079296K
  class space    used 4739K, capacity 5040K, committed 5120K, reserved 1048576K
}
Event: 4.893 GC heap before
{Heap before GC invocations=7 (full 2):
 PSYoungGen      total 203776K, used 6474K [0x00000000d5580000, 0x00000000e7000000, 0x0000000100000000)
  eden space 182272K, 0% used [0x00000000d5580000,0x00000000d5580000,0x00000000e0780000)
  from space 21504K, 30% used [0x00000000e0780000,0x00000000e0dd2900,0x00000000e1c80000)
  to   space 15872K, 0% used [0x00000000e6080000,0x00000000e6080000,0x00000000e7000000)
 ParOldGen       total 218624K, used 12819K [0x0000000080000000, 0x000000008d580000, 0x00000000d5580000)
  object space 218624K, 5% used [0x0000000080000000,0x0000000080c84cf8,0x000000008d580000)
 Metaspace       used 34225K, capacity 35374K, committed 35496K, reserved 1079296K
  class space    used 4739K, capacity 5040K, committed 5120K, reserved 1048576K
Event: 4.927 GC heap after
Heap after GC invocations=7 (full 2):
 PSYoungGen      total 203776K, used 0K [0x00000000d5580000, 0x00000000e7000000, 0x0000000100000000)
  eden space 182272K, 0% used [0x00000000d5580000,0x00000000d5580000,0x00000000e0780000)
  from space 21504K, 0% used [0x00000000e0780000,0x00000000e0780000,0x00000000e1c80000)
  to   space 15872K, 0% used [0x00000000e6080000,0x00000000e6080000,0x00000000e7000000)
 ParOldGen       total 337408K, used 13017K [0x0000000080000000, 0x0000000094980000, 0x00000000d5580000)
  object space 337408K, 3% used [0x0000000080000000,0x0000000080cb66c0,0x0000000094980000)
 Metaspace       used 34225K, capacity 35374K, committed 35496K, reserved 1079296K
  class space    used 4739K, capacity 5040K, committed 5120K, reserved 1048576K
}
Event: 6.720 GC heap before
{Heap before GC invocations=8 (full 2):
 PSYoungGen      total 203776K, used 182272K [0x00000000d5580000, 0x00000000e7000000, 0x0000000100000000)
  eden space 182272K, 100% used [0x00000000d5580000,0x00000000e0780000,0x00000000e0780000)
  from space 21504K, 0% used [0x00000000e0780000,0x00000000e0780000,0x00000000e1c80000)
  to   space 15872K, 0% used [0x00000000e6080000,0x00000000e6080000,0x00000000e7000000)
 ParOldGen       total 337408K, used 13017K [0x0000000080000000, 0x0000000094980000, 0x00000000d5580000)
  object space 337408K, 3% used [0x0000000080000000,0x0000000080cb66c0,0x0000000094980000)
 Metaspace       used 36419K, capacity 37650K, committed 37888K, reserved 1081344K
  class space    used 4952K, capacity 5255K, committed 5376K, reserved 1048576K
Event: 6.725 GC heap after
Heap after GC invocations=8 (full 2):
 PSYoungGen      total 259072K, used 7954K [0x00000000d5580000, 0x00000000e6900000, 0x0000000100000000)
  eden space 250368K, 0% used [0x00000000d5580000,0x00000000d5580000,0x00000000e4a00000)
  from space 8704K, 91% used [0x00000000e6080000,0x00000000e6844888,0x00000000e6900000)
  to   space 15872K, 0% used [0x00000000e4a00000,0x00000000e4a00000,0x00000000e5980000)
 ParOldGen       total 337408K, used 13025K [0x0000000080000000, 0x0000000094980000, 0x00000000d5580000)
  object space 337408K, 3% used [0x0000000080000000,0x0000000080cb86c0,0x0000000094980000)
 Metaspace       used 36419K, capacity 37650K, committed 37888K, reserved 1081344K
  class space    used 4952K, capacity 5255K, committed 5376K, reserved 1048576K
}
Event: 8.383 GC heap before
{Heap before GC invocations=9 (full 2):
 PSYoungGen      total 259072K, used 258322K [0x00000000d5580000, 0x00000000e6900000, 0x0000000100000000)
  eden space 250368K, 100% used [0x00000000d5580000,0x00000000e4a00000,0x00000000e4a00000)
  from space 8704K, 91% used [0x00000000e6080000,0x00000000e6844888,0x00000000e6900000)
  to   space 15872K, 0% used [0x00000000e4a00000,0x00000000e4a00000,0x00000000e5980000)
 ParOldGen       total 337408K, used 13025K [0x0000000080000000, 0x0000000094980000, 0x00000000d5580000)
  object space 337408K, 3% used [0x0000000080000000,0x0000000080cb86c0,0x0000000094980000)
 Metaspace       used 41089K, capacity 42792K, committed 42880K, reserved 1085440K
  class space    used 5662K, capacity 6013K, committed 6016K, reserved 1048576K
Event: 8.392 GC heap after
Heap after GC invocations=9 (full 2):
 PSYoungGen      total 266240K, used 11022K [0x00000000d5580000, 0x00000000ebd80000, 0x0000000100000000)
  eden space 250368K, 0% used [0x00000000d5580000,0x00000000d5580000,0x00000000e4a00000)
  from space 15872K, 69% used [0x00000000e4a00000,0x00000000e54c3970,0x00000000e5980000)
  to   space 15360K, 0% used [0x00000000eae80000,0x00000000eae80000,0x00000000ebd80000)
 ParOldGen       total 337408K, used 13033K [0x0000000080000000, 0x0000000094980000, 0x00000000d5580000)
  object space 337408K, 3% used [0x0000000080000000,0x0000000080cba6c0,0x0000000094980000)
 Metaspace       used 41089K, capacity 42792K, committed 42880K, reserved 1085440K
  class space    used 5662K, capacity 6013K, committed 6016K, reserved 1048576K
}

Deoptimization events (10 events):
Event: 8.076 Thread 0x000000001edde000 Uncommon trap: reason=unstable_if action=reinterpret pc=0x0000000005b42b6c method=java.net.URLStreamHandler.sameFile(Ljava/net/URL;Ljava/net/URL;)Z @ 63
Event: 8.152 Thread 0x000000001edde000 Uncommon trap: reason=unstable_if action=reinterpret pc=0x0000000005fe5394 method=java.lang.ClassLoader.checkCerts(Ljava/lang/String;Ljava/security/CodeSource;)V @ 29
Event: 8.175 Thread 0x000000001edde000 Uncommon trap: reason=unstable_if action=reinterpret pc=0x0000000005deb8e4 method=org.gradle.internal.reflect.PropertyAccessorType.isGetGetterName(Ljava/lang/String;)Z @ 14
Event: 8.252 Thread 0x000000001edde000 Uncommon trap: reason=unstable_if action=reinterpret pc=0x0000000005c57df8 method=java.util.WeakHashMap.put(Ljava/lang/Object;Ljava/lang/Object;)Ljava/lang/Object; @ 59
Event: 8.314 Thread 0x000000001edde000 Uncommon trap: reason=unstable_if action=reinterpret pc=0x0000000005ae56e0 method=java.net.URI.match(CJJ)Z @ 45
Event: 8.633 Thread 0x000000001e643000 Uncommon trap: reason=unstable_if action=reinterpret pc=0x00000000059af2d0 method=java.util.concurrent.ConcurrentHashMap.addCount(JI)V @ 34
Event: 8.633 Thread 0x000000001e640000 Uncommon trap: reason=unstable_if action=reinterpret pc=0x00000000059af2d0 method=java.util.concurrent.ConcurrentHashMap.addCount(JI)V @ 34
Event: 8.634 Thread 0x000000001e63e000 Uncommon trap: reason=unstable_if action=reinterpret pc=0x000000000592ce54 method=java.util.concurrent.ConcurrentHashMap.addCount(JI)V @ 168
Event: 8.643 Thread 0x000000001e640000 Uncommon trap: reason=unstable_if action=reinterpret pc=0x00000000061fa28c method=java.util.regex.Pattern.has(I)Z @ 6
Event: 8.644 Thread 0x000000001e640000 Uncommon trap: reason=unstable_if action=reinterpret pc=0x00000000057b16d0 method=java.util.regex.Pattern.has(I)Z @ 6

Classes redefined (0 events):
No events

Internal exceptions (10 events):
Event: 8.243 Thread 0x000000001edde000 Exception <a 'java/lang/ClassNotFoundException': org/gradle/api/internal/artifacts/DefaultArtifactRepositoryContainerBeanInfo> (0x00000000e363b8f0) thrown at [C:\re\workspace\8-2-build-windows-amd64-cygwin\jdk8u211\12973\hotspot\src\share\vm\classfile\sys
Event: 8.243 Thread 0x000000001edde000 Exception <a 'java/lang/ClassNotFoundException': org/gradle/api/internal/DefaultNamedDomainObjectListBeanInfo> (0x00000000e366eda8) thrown at [C:\re\workspace\8-2-build-windows-amd64-cygwin\jdk8u211\12973\hotspot\src\share\vm\classfile\systemDictionary.cp
Event: 8.244 Thread 0x000000001edde000 Exception <a 'java/lang/ClassNotFoundException': org/gradle/api/internal/DefaultNamedDomainObjectCollectionBeanInfo> (0x00000000e36a48d8) thrown at [C:\re\workspace\8-2-build-windows-amd64-cygwin\jdk8u211\12973\hotspot\src\share\vm\classfile\systemDiction
Event: 8.245 Thread 0x000000001edde000 Exception <a 'java/lang/ClassNotFoundException': org/gradle/api/internal/DefaultDomainObjectCollectionBeanInfo> (0x00000000e36d8d18) thrown at [C:\re\workspace\8-2-build-windows-amd64-cygwin\jdk8u211\12973\hotspot\src\share\vm\classfile\systemDictionary.c
Event: 8.246 Thread 0x000000001edde000 Exception <a 'java/lang/ClassNotFoundException': org/gradle/api/internal/DefaultDomainObjectCollectionCustomizer> (0x00000000e370de20) thrown at [C:\re\workspace\8-2-build-windows-amd64-cygwin\jdk8u211\12973\hotspot\src\share\vm\classfile\systemDictionary
Event: 8.248 Thread 0x000000001edde000 Exception <a 'java/lang/ClassNotFoundException': org/gradle/api/internal/DefaultNamedDomainObjectCollectionCustomizer> (0x00000000e376c208) thrown at [C:\re\workspace\8-2-build-windows-amd64-cygwin\jdk8u211\12973\hotspot\src\share\vm\classfile\systemDicti
Event: 8.251 Thread 0x000000001edde000 Exception <a 'java/lang/ClassNotFoundException': org/gradle/api/internal/DefaultNamedDomainObjectListCustomizer> (0x00000000e37db2a0) thrown at [C:\re\workspace\8-2-build-windows-amd64-cygwin\jdk8u211\12973\hotspot\src\share\vm\classfile\systemDictionary.
Event: 8.254 Thread 0x000000001edde000 Exception <a 'java/lang/ClassNotFoundException': org/gradle/api/internal/artifacts/DefaultArtifactRepositoryContainerCustomizer> (0x00000000e384f6b8) thrown at [C:\re\workspace\8-2-build-windows-amd64-cygwin\jdk8u211\12973\hotspot\src\share\vm\classfile\s
Event: 8.255 Thread 0x000000001edde000 Exception <a 'java/lang/ClassNotFoundException': org/gradle/api/internal/artifacts/dsl/DefaultRepositoryHandlerCustomizer> (0x00000000e38b4a68) thrown at [C:\re\workspace\8-2-build-windows-amd64-cygwin\jdk8u211\12973\hotspot\src\share\vm\classfile\systemD
Event: 8.258 Thread 0x000000001edde000 Exception <a 'java/lang/ClassNotFoundException': org/gradle/api/internal/artifacts/dsl/DefaultRepositoryHandler_DecoratedCustomizer> (0x00000000e39389b0) thrown at [C:\re\workspace\8-2-build-windows-amd64-cygwin\jdk8u211\12973\hotspot\src\share\vm\classfi

Events (10 events):
Event: 8.729 Thread 0x0000000022bd1800 Thread added: 0x0000000022bd1800
Event: 8.729 Thread 0x0000000022bdc000 Thread added: 0x0000000022bdc000
Event: 8.730 Thread 0x0000000022bdb000 Thread added: 0x0000000022bdb000
Event: 8.731 Thread 0x0000000022bd9800 Thread added: 0x0000000022bd9800
Event: 8.731 Thread 0x0000000022bda800 Thread added: 0x0000000022bda800
Event: 8.732 Thread 0x0000000022bd9000 Thread added: 0x0000000022bd9000
Event: 8.733 Thread 0x0000000022bdc800 Thread added: 0x0000000022bdc800
Event: 8.733 Thread 0x0000000022bd8000 Thread added: 0x0000000022bd8000
Event: 8.752 Thread 0x000000001edde000 DEOPT PACKING pc=0x0000000005ae80e8 sp=0x0000000020a7abf0
Event: 8.752 Thread 0x000000001edde000 DEOPT UNPACKING pc=0x0000000005477890 sp=0x0000000020a7aa40 mode 0


Dynamic libraries:
0x00007ff6eba20000 - 0x00007ff6eba57000 	C:\Program Files\Java\jdk1.8.0_211\bin\java.exe
0x00007fff36be0000 - 0x00007fff36dc0000 	C:\Windows\SYSTEM32\ntdll.dll
0x00007fff36570000 - 0x00007fff3661e000 	C:\Windows\System32\KERNEL32.DLL
0x00007fff33c90000 - 0x00007fff33ef6000 	C:\Windows\System32\KERNELBASE.dll
0x00007fff34880000 - 0x00007fff34921000 	C:\Windows\System32\ADVAPI32.dll
0x00007fff346c0000 - 0x00007fff3475d000 	C:\Windows\System32\msvcrt.dll
0x00007fff35fb0000 - 0x00007fff3600b000 	C:\Windows\System32\sechost.dll
0x00007fff367c0000 - 0x00007fff368df000 	C:\Windows\System32\RPCRT4.dll
0x00007fff36910000 - 0x00007fff36a9f000 	C:\Windows\System32\USER32.dll
0x00007fff331b0000 - 0x00007fff331d0000 	C:\Windows\System32\win32u.dll
0x00007fff368e0000 - 0x00007fff36908000 	C:\Windows\System32\GDI32.dll
0x00007fff333a0000 - 0x00007fff33532000 	C:\Windows\System32\gdi32full.dll
0x00007fff33110000 - 0x00007fff331ab000 	C:\Windows\System32\msvcp_win.dll
0x00007fff32fb0000 - 0x00007fff330a4000 	C:\Windows\System32\ucrtbase.dll
0x00007fff1b4c0000 - 0x00007fff1b729000 	C:\Windows\WinSxS\amd64_microsoft.windows.common-controls_6595b64144ccf1df_6.0.16299.1806_none_0f88880e5a6ca7e6\COMCTL32.dll
0x00007fff343b0000 - 0x00007fff346b6000 	C:\Windows\System32\combase.dll
0x00007fff34000000 - 0x00007fff34078000 	C:\Windows\System32\bcryptPrimitives.dll
0x00007fff34850000 - 0x00007fff3487d000 	C:\Windows\System32\IMM32.DLL
0x00007fff32cc0000 - 0x00007fff32d0d000 	C:\Windows\SYSTEM32\sxwmon64.dll
0x00007fff34b70000 - 0x00007fff35fad000 	C:\Windows\System32\SHELL32.dll
0x00007fff33f00000 - 0x00007fff33f4a000 	C:\Windows\System32\cfgmgr32.dll
0x00007fff34ac0000 - 0x00007fff34b66000 	C:\Windows\System32\shcore.dll
0x00007fff33540000 - 0x00007fff33c8a000 	C:\Windows\System32\windows.storage.dll
0x00007fff34080000 - 0x00007fff340d1000 	C:\Windows\System32\shlwapi.dll
0x00007fff32f40000 - 0x00007fff32f51000 	C:\Windows\System32\kernel.appcore.dll
0x00007fff32f60000 - 0x00007fff32fac000 	C:\Windows\System32\powrprof.dll
0x00007fff32f20000 - 0x00007fff32f3b000 	C:\Windows\System32\profapi.dll
0x00007fff34250000 - 0x00007fff34399000 	C:\Windows\System32\ole32.dll
0x00007fff36ab0000 - 0x00007fff36b74000 	C:\Windows\System32\OLEAUT32.dll
0x000000006fbb0000 - 0x000000006fc82000 	C:\Program Files\Java\jdk1.8.0_211\jre\bin\msvcr100.dll
0x000000006e920000 - 0x000000006f1c5000 	C:\Program Files\Java\jdk1.8.0_211\jre\bin\server\jvm.dll
0x00007fff36aa0000 - 0x00007fff36aa8000 	C:\Windows\System32\PSAPI.DLL
0x00007fff20e10000 - 0x00007fff20e19000 	C:\Windows\SYSTEM32\WSOCK32.dll
0x00007fff34930000 - 0x00007fff3499c000 	C:\Windows\System32\WS2_32.dll
0x00007fff30ff0000 - 0x00007fff31013000 	C:\Windows\SYSTEM32\WINMM.dll
0x00007fff2e870000 - 0x00007fff2e87a000 	C:\Windows\SYSTEM32\VERSION.dll
0x00007fff30f90000 - 0x00007fff30fba000 	C:\Windows\SYSTEM32\WINMMBASE.dll
0x00007fff31050000 - 0x00007fff3105f000 	C:\Program Files\Java\jdk1.8.0_211\jre\bin\verify.dll
0x00007fff26090000 - 0x00007fff260b9000 	C:\Program Files\Java\jdk1.8.0_211\jre\bin\java.dll
0x00007fff1c3c0000 - 0x00007fff1c3d6000 	C:\Program Files\Java\jdk1.8.0_211\jre\bin\zip.dll
0x00007fff1b440000 - 0x00007fff1b45a000 	C:\Program Files\Java\jdk1.8.0_211\jre\bin\net.dll
0x00007fff22c00000 - 0x00007fff22dce000 	C:\Windows\SYSTEM32\urlmon.dll
0x00007fff347c0000 - 0x00007fff347dd000 	C:\Windows\System32\imagehlp.dll
0x00007fff240f0000 - 0x00007fff24390000 	C:\Windows\SYSTEM32\iertutil.dll
0x00007fff32920000 - 0x00007fff3292b000 	C:\Windows\SYSTEM32\CRYPTBASE.DLL
0x00007fff32740000 - 0x00007fff327a6000 	C:\Windows\system32\mswsock.dll
0x00007fff1b3a0000 - 0x00007fff1b3b2000 	C:\Program Files\Java\jdk1.8.0_211\jre\bin\nio.dll
0x00007fff09030000 - 0x00007fff09057000 	C:\Users\kordiakim\.gradle\native\f6784746aeab05261644944871eae4fe03e0ef1612fff0a4a95f87b438bc6780\windows-amd64\native-platform.dll
0x00007fff262e0000 - 0x00007fff262ed000 	C:\Program Files\Java\jdk1.8.0_211\jre\bin\management.dll
0x00007fff32900000 - 0x00007fff32917000 	C:\Windows\SYSTEM32\CRYPTSP.dll
0x00007fff32300000 - 0x00007fff32333000 	C:\Windows\system32\rsaenh.dll
0x00007fff32a10000 - 0x00007fff32a35000 	C:\Windows\SYSTEM32\bcrypt.dll
0x00007fff32e00000 - 0x00007fff32e29000 	C:\Windows\SYSTEM32\USERENV.dll
0x00007fff32490000 - 0x00007fff324c9000 	C:\Windows\SYSTEM32\IPHLPAPI.DLL
0x00007fff343a0000 - 0x00007fff343a8000 	C:\Windows\System32\NSI.dll
0x00007fff2eac0000 - 0x00007fff2ead6000 	C:\Windows\SYSTEM32\dhcpcsvc6.DLL
0x00007fff2ea10000 - 0x00007fff2ea2a000 	C:\Windows\SYSTEM32\dhcpcsvc.DLL
0x00007fff2eb90000 - 0x00007fff2eb9b000 	C:\Windows\SYSTEM32\WINNSI.DLL

VM Arguments:
jvm_args: -Xmx2048M -Dfile.encoding=windows-1251 -Duser.country=US -Duser.language=en -Duser.variant 
java_command: org.gradle.launcher.daemon.bootstrap.GradleDaemon 6.5
java_class_path (initial): C:\Users\kordiakim\.gradle\wrapper\dists\gradle-6.5-all\2oz4ud9k3tuxjg84bbf55q0tn\gradle-6.5\lib\gradle-launcher-6.5.jar
Launcher Type: SUN_STANDARD

Environment Variables:
JAVA_HOME=C:\Program Files\Java\jdk1.8.0_211
PATH=C:\Program Files (x86)\Common Files\Oracle\Java\javapath;C:\ProgramData\Oracle\Java\javapath;C:\app\client\KordyakIM\product\12.1.0\client_1\bin;C:\oracle\product\11.2.0\client_1;C:\oracle\product\11.2.0\client_1\bin;C:\Windows\system32;C:\Windows;C:\Windows\System32\Wbem;C:\Windows\System32\WindowsPowerShell\v1.0\;C:\Program Files\Microsoft System Center 2012 R2\Virtual Machine Manager\bin\psModules;C:\Program Files\Microsoft\Web Platform Installer\;C:\Users\kordiakim\.dnx\bin;C:\Program Files\Microsoft DNX\Dnvm\;C:\Program Files\Microsoft SQL Server\120\Tools\Binn\;C:\Program Files\Microsoft SQL Server\130\Tools\Binn\;C:\Program Files (x86)\Windows Kits\10\Windows Performance Toolkit\;C:\ProgramData\chocolatey\bin;C:\Program Files (x86)\Kaspersky Lab\Kaspersky Endpoint Security for Windows\;C:\Program Files (x86)\Caphyon\TweakAppV\;C:\Users\kordyakim.NPR\.dnx\bin;C:\Users\kordyakim.NPR\AppData\Local\Programs\Fiddler;C:\Users\kordiakim\AppData\Local\Microsoft\WindowsApps
USERNAME=kordyakim
OS=Windows_NT
PROCESSOR_IDENTIFIER=Intel64 Family 6 Model 60 Stepping 3, GenuineIntel



---------------  S Y S T E M  ---------------

OS: Windows 10.0 , 64 bit Build 16299 (10.0.16299.1806)

CPU:total 8 (initial active 8) (4 cores per cpu, 2 threads per core) family 6 model 60 stepping 3, cmov, cx8, fxsr, mmx, sse, sse2, sse3, ssse3, sse4.1, sse4.2, popcnt, avx, avx2, aes, clmul, erms, lzcnt, ht, tsc, tscinvbit, bmi1, bmi2

Memory: 4k page, physical 33301272k(9194248k free), swap 63806692k(4968k free)

vm_info: Java HotSpot(TM) 64-Bit Server VM (25.211-b12) for windows-amd64 JRE (1.8.0_211-b12), built on Apr  1 2019 20:53:26 by "java_re" with MS VC++ 10.0 (VS2010)

time: Tue Mar 02 20:26:39 2021
timezone: Russia TZ 6 Standard Time
elapsed time: 8 seconds (0d 0h 0m 8s)

